<?xml version="1.0" encoding="UTF-8"?>
<testsuite xmlns:xsi="http://www.w3.org/2001/XMLSchema-instance" xsi:noNamespaceSchemaLocation="https://maven.apache.org/surefire/maven-surefire-plugin/xsd/surefire-test-report-3.0.xsd" version="3.0" name="TestSuite" time="18.58" tests="1" errors="0" skipped="0" failures="0">
  <properties>
[...]
</properties>
  <testcase name="test_account_Registration" classname="testCase.TC_001_AccountRegistrationTest" time="11.538">
    <system-out><![CDATA[Test-Report-2023.09.14.16.15.12.html
]]></system-out>
    <system-err><![CDATA[SLF4J: No SLF4J providers were found.
SLF4J: Defaulting to no-operation (NOP) logger implementation
SLF4J: See https://www.slf4j.org/codes.html#noProviders for further details.
1694679314063	geckodriver	INFO	Listening on 127.0.0.1:45032
1694679314282	mozrunner::runner	INFO	Running command: MOZ_CRASHREPORTER="1" MOZ_CRASHREPORTER_NO_REPORT="1" MOZ_CRASHREPORTER_SHUTDOWN="1" MOZ_NO_REMOTE="1" "/App ... //[::1]:9921/" "-foreground" "-no-remote" "-profile" "/var/folders/mc/24vl0bw92z7_c1k4j046xbh00000gn/T/rust_mozprofileiS4iUU"
console.warn: services.settings: Ignoring preference override of remote settings server
console.warn: services.settings: Allow by setting MOZ_REMOTE_SETTINGS_DEVTOOLS=1 in the environment
1694679314828	Marionette	INFO	Marionette enabled
console.error: "Warning: unrecognized command line flag" "-remote-allow-hosts"
console.error: "Warning: unrecognized command line flag" "-remote-allow-origins"
1694679315016	Marionette	INFO	Listening on port 57957
Read port: 57957
WebDriver BiDi listening on ws://127.0.0.1:9921
1694679315284	RemoteAgent	WARN	TLS certificate errors will be ignored for this session
DevTools listening on ws://127.0.0.1:9921/devtools/browser/4e812695-00a9-4d66-9e59-22b424cef3f7
console.warn: LoginRecipes: "Falling back to a synchronous message for: https://demo.opencart.com."
console.warn: LoginRecipes: "Falling back to a synchronous message for: https://demo.opencart.com."
]]></system-err>
  </testcase>
</testsuite>