<?xml version="1.0" encoding="UTF-8"?>
<testng-results ignored="0" total="1" passed="1" failed="0" skipped="0">
  <reporter-output>
  </reporter-output>
  <suite started-at="2023-09-14T16:15:12 SGT" name="OpenSuite" finished-at="2023-09-14T16:15:30 SGT" duration-ms="18027">
    <groups>
      <group name="Master">
        <method signature="TC_001_AccountRegistrationTest.test_account_Registration()[pri:0, instance:testCase.TC_001_AccountRegistrationTest@2c1b194a]" name="test_account_Registration" class="testCase.TC_001_AccountRegistrationTest"/>
      </group> <!-- Master -->
      <group name="Regression">
        <method signature="TC_001_AccountRegistrationTest.test_account_Registration()[pri:0, instance:testCase.TC_001_AccountRegistrationTest@2c1b194a]" name="test_account_Registration" class="testCase.TC_001_AccountRegistrationTest"/>
      </group> <!-- Regression -->
    </groups>
    <test started-at="2023-09-14T16:15:12 SGT" name="FirefoxTests" finished-at="2023-09-14T16:15:30 SGT" duration-ms="18027">
      <class name="testCase.TC_001_AccountRegistrationTest">
        <test-method is-config="true" signature="setup(java.lang.String)[pri:0, instance:testCase.TC_001_AccountRegistrationTest@2c1b194a]" started-at="2023-09-14T16:15:13 SGT" name="setup" finished-at="2023-09-14T16:15:18 SGT" duration-ms="5434" status="PASS">
          <params>
            <param index="0">
              <value>
                <![CDATA[firefox]]>
              </value>
            </param>
          </params>
          <reporter-output>
          </reporter-output>
        </test-method> <!-- setup -->
        <test-method signature="test_account_Registration()[pri:0, instance:testCase.TC_001_AccountRegistrationTest@2c1b194a]" started-at="2023-09-14T16:15:18 SGT" name="test_account_Registration" finished-at="2023-09-14T16:15:30 SGT" duration-ms="11528" status="PASS">
          <reporter-output>
          </reporter-output>
        </test-method> <!-- test_account_Registration -->
        <test-method is-config="true" signature="tearDown()[pri:0, instance:testCase.TC_001_AccountRegistrationTest@2c1b194a]" started-at="2023-09-14T16:15:30 SGT" name="tearDown" finished-at="2023-09-14T16:15:30 SGT" duration-ms="812" status="PASS">
          <reporter-output>
          </reporter-output>
        </test-method> <!-- tearDown -->
      </class> <!-- testCase.TC_001_AccountRegistrationTest -->
    </test> <!-- FirefoxTests -->
  </suite> <!-- OpenSuite -->
</testng-results>
